==179488== Memcheck, a memory error detector
==179488== Copyright (C) 2002-2024, and GNU GPL'd, by Julian Seward et al.
==179488== Using Valgrind-3.25.1 and LibVEX; rerun with -h for copyright info
==179488== Command: ./minishell
==179488== Parent PID: 179304
==179488== 
==179488== File descriptor 3: /usr/lib/libncursesw.so.6 is already closed
==179488==    at 0x49EA901: close (close.c:27)
==179488==    by 0x4007C50: ft_close_all_fds (in /home/jestevao/Desktop/Projects/C/42Projects/test/minishell)
==179488==    by 0x400167A: main (in /home/jestevao/Desktop/Projects/C/42Projects/test/minishell)
==179488==  Previously closed
==179488==    at 0x403137B: __GI___close_nocancel (close_nocancel.c:26)
==179488==    by 0x4015107: _dl_map_object_from_fd (dl-load.c:1355)
==179488==    by 0x4015BB7: _dl_map_object (dl-load.c:2182)
==179488==    by 0x401077C: openaux (dl-deps.c:64)
==179488==    by 0x400F415: _dl_catch_exception (dl-catch.c:241)
==179488==    by 0x4010BE2: _dl_map_object_deps (dl-deps.c:232)
==179488==    by 0x402D40E: dl_main (rtld.c:1928)
==179488==    by 0x4029FE5: _dl_sysdep_start (dl-sysdep.c:141)
==179488==    by 0x402B7A5: _dl_start_final (rtld.c:496)
==179488==    by 0x402B7A5: _dl_start (rtld.c:581)
==179488==    by 0x402A5C7: ??? (in /usr/lib/ld-linux-x86-64.so.2)
==179488==  Originally opened
==179488==    at 0x40314C5: __open_nocancel (open64_nocancel.c:39)
==179488==    by 0x401283B: open_verify.constprop.0 (dl-load.c:1572)
==179488==    by 0x4015EBD: _dl_map_object (dl-load.c:2086)
==179488==    by 0x401077C: openaux (dl-deps.c:64)
==179488==    by 0x400F415: _dl_catch_exception (dl-catch.c:241)
==179488==    by 0x4010BE2: _dl_map_object_deps (dl-deps.c:232)
==179488==    by 0x402D40E: dl_main (rtld.c:1928)
==179488==    by 0x4029FE5: _dl_sysdep_start (dl-sysdep.c:141)
==179488==    by 0x402B7A5: _dl_start_final (rtld.c:496)
==179488==    by 0x402B7A5: _dl_start (rtld.c:581)
==179488==    by 0x402A5C7: ??? (in /usr/lib/ld-linux-x86-64.so.2)
==179488== 
==179488== FILE DESCRIPTORS: 3 open (3 inherited) at exit.
==179488== 
==179488== HEAP SUMMARY:
==179488==     in use at exit: 237,093 bytes in 235 blocks
==179488==   total heap usage: 3,266 allocs, 3,031 frees, 434,590 bytes allocated
==179488== 
==179488== 8 bytes in 1 blocks are still reachable in loss record 1 of 73
==179488==    at 0x48527A8: malloc (vg_replace_malloc.c:446)
==179488==    by 0x48CA6E8: xrealloc (xmalloc.c:70)
==179488==    by 0x48B5515: expand_prompt (display.c:401)
==179488==    by 0x48B5D15: rl_expand_prompt (display.c:606)
==179488==    by 0x48A3888: rl_set_prompt (readline.c:347)
==179488==    by 0x48B04C2: readline (readline.c:377)
==179488==    by 0x4001328: ft_process_input (in /home/jestevao/Desktop/Projects/C/42Projects/test/minishell)
==179488==    by 0x4001708: main (in /home/jestevao/Desktop/Projects/C/42Projects/test/minishell)
==179488== 
==179488== 8 bytes in 1 blocks are still reachable in loss record 2 of 73
==179488==    at 0x48527A8: malloc (vg_replace_malloc.c:446)
==179488==    by 0x499062F: strdup (strdup.c:42)
==179488==    by 0x4B197CF: _nc_trim_sgr0 (trim_sgr0.c:242)
==179488==    by 0x4B1571F: tgetent_sp (lib_termcap.c:182)
==179488==    by 0x48C52D9: _rl_init_terminal_io (terminal.c:523)
==179488==    by 0x48B01E9: UnknownInlinedFun (readline.c:1296)
==179488==    by 0x48B01E9: rl_initialize (readline.c:1196)
==179488==    by 0x48B04C8: readline (readline.c:379)
==179488==    by 0x4001328: ft_process_input (in /home/jestevao/Desktop/Projects/C/42Projects/test/minishell)
==179488==    by 0x4001708: main (in /home/jestevao/Desktop/Projects/C/42Projects/test/minishell)
==179488== 
==179488== 9 bytes in 1 blocks are still reachable in loss record 3 of 73
==179488==    at 0x48527A8: malloc (vg_replace_malloc.c:446)
==179488==    by 0x48C9ADD: xmalloc (xmalloc.c:59)
==179488==    by 0x48C4F1E: _rl_reset_region_color (terminal.c:842)
==179488==    by 0x48C545F: _rl_init_terminal_io (terminal.c:635)
==179488==    by 0x48B01E9: UnknownInlinedFun (readline.c:1296)
==179488==    by 0x48B01E9: rl_initialize (readline.c:1196)
==179488==    by 0x48B04C8: readline (readline.c:379)
==179488==    by 0x4001328: ft_process_input (in /home/jestevao/Desktop/Projects/C/42Projects/test/minishell)
==179488==    by 0x4001708: main (in /home/jestevao/Desktop/Projects/C/42Projects/test/minishell)
==179488== 
==179488== 11 bytes in 1 blocks are still reachable in loss record 4 of 73
==179488==    at 0x48527A8: malloc (vg_replace_malloc.c:446)
==179488==    by 0x48C9ADD: xmalloc (xmalloc.c:59)
==179488==    by 0x48C4F1E: _rl_reset_region_color (terminal.c:842)
==179488==    by 0x48C5471: _rl_init_terminal_io (terminal.c:636)
==179488==    by 0x48B01E9: UnknownInlinedFun (readline.c:1296)
==179488==    by 0x48B01E9: rl_initialize (readline.c:1196)
==179488==    by 0x48B04C8: readline (readline.c:379)
==179488==    by 0x4001328: ft_process_input (in /home/jestevao/Desktop/Projects/C/42Projects/test/minishell)
==179488==    by 0x4001708: main (in /home/jestevao/Desktop/Projects/C/42Projects/test/minishell)
==179488== 
==179488== 12 bytes in 1 blocks are still reachable in loss record 5 of 73
==179488==    at 0x48527A8: malloc (vg_replace_malloc.c:446)
==179488==    by 0x48C9ADD: xmalloc (xmalloc.c:59)
==179488==    by 0x48C38B0: _rl_init_locale (nls.c:154)
==179488==    by 0x48C3987: _rl_init_eightbit (nls.c:231)
==179488==    by 0x48B020D: UnknownInlinedFun (readline.c:1305)
==179488==    by 0x48B020D: rl_initialize (readline.c:1196)
==179488==    by 0x48B04C8: readline (readline.c:379)
==179488==    by 0x4001328: ft_process_input (in /home/jestevao/Desktop/Projects/C/42Projects/test/minishell)
==179488==    by 0x4001708: main (in /home/jestevao/Desktop/Projects/C/42Projects/test/minishell)
==179488== 
==179488== 13 bytes in 1 blocks are still reachable in loss record 6 of 73
==179488==    at 0x48527A8: malloc (vg_replace_malloc.c:446)
==179488==    by 0x48C9ADD: xmalloc (xmalloc.c:59)
==179488==    by 0x48B6AF8: _rl_read_init_file (bind.c:1098)
==179488==    by 0x48B0215: UnknownInlinedFun (readline.c:1308)
==179488==    by 0x48B0215: rl_initialize (readline.c:1196)
==179488==    by 0x48B04C8: readline (readline.c:379)
==179488==    by 0x4001328: ft_process_input (in /home/jestevao/Desktop/Projects/C/42Projects/test/minishell)
==179488==    by 0x4001708: main (in /home/jestevao/Desktop/Projects/C/42Projects/test/minishell)
==179488== 
==179488== 14 bytes in 1 blocks are still reachable in loss record 7 of 73
==179488==    at 0x4859E4F: realloc (vg_replace_malloc.c:1801)
==179488==    by 0x4B0966F: _nc_doalloc (doalloc.c:54)
==179488==    by 0x4B18024: UnknownInlinedFun (lib_tparm.c:808)
==179488==    by 0x4B18024: _nc_tiparm (lib_tparm.c:1393)
==179488==    by 0x4B19730: set_attribute_9.isra.0 (trim_sgr0.c:51)
==179488==    by 0x4B197BA: _nc_trim_sgr0 (trim_sgr0.c:241)
==179488==    by 0x4B1571F: tgetent_sp (lib_termcap.c:182)
==179488==    by 0x48C52D9: _rl_init_terminal_io (terminal.c:523)
==179488==    by 0x48B01E9: UnknownInlinedFun (readline.c:1296)
==179488==    by 0x48B01E9: rl_initialize (readline.c:1196)
==179488==    by 0x48B04C8: readline (readline.c:379)
==179488==    by 0x4001328: ft_process_input (in /home/jestevao/Desktop/Projects/C/42Projects/test/minishell)
==179488==    by 0x4001708: main (in /home/jestevao/Desktop/Projects/C/42Projects/test/minishell)
==179488== 
==179488== 15 bytes in 1 blocks are still reachable in loss record 8 of 73
==179488==    at 0x48527A8: malloc (vg_replace_malloc.c:446)
==179488==    by 0x499062F: strdup (strdup.c:42)
==179488==    by 0x4B0787E: update_getenv (db_iterator.c:131)
==179488==    by 0x4B0AD09: UnknownInlinedFun (db_iterator.c:158)
==179488==    by 0x4B0AD09: UnknownInlinedFun (db_iterator.c:331)
==179488==    by 0x4B0AD09: _nc_first_db (db_iterator.c:285)
==179488==    by 0x4B23BD8: _nc_read_entry2 (read_entry.c:902)
==179488==    by 0x4B14E34: _nc_setup_tinfo (lib_setup.c:674)
==179488==    by 0x4B14FF8: _nc_setupterm (lib_setup.c:969)
==179488==    by 0x4B15543: tgetent_sp (lib_termcap.c:104)
==179488==    by 0x48C52D9: _rl_init_terminal_io (terminal.c:523)
==179488==    by 0x48B01E9: UnknownInlinedFun (readline.c:1296)
==179488==    by 0x48B01E9: rl_initialize (readline.c:1196)
==179488==    by 0x48B04C8: readline (readline.c:379)
==179488==    by 0x4001328: ft_process_input (in /home/jestevao/Desktop/Projects/C/42Projects/test/minishell)
==179488== 
==179488== 15 bytes in 1 blocks are still reachable in loss record 9 of 73
==179488==    at 0x48527A8: malloc (vg_replace_malloc.c:446)
==179488==    by 0x499062F: strdup (strdup.c:42)
==179488==    by 0x4B1505D: _nc_setupterm (lib_setup.c:1008)
==179488==    by 0x4B15543: tgetent_sp (lib_termcap.c:104)
==179488==    by 0x48C52D9: _rl_init_terminal_io (terminal.c:523)
==179488==    by 0x48B01E9: UnknownInlinedFun (readline.c:1296)
==179488==    by 0x48B01E9: rl_initialize (readline.c:1196)
==179488==    by 0x48B04C8: readline (readline.c:379)
==179488==    by 0x4001328: ft_process_input (in /home/jestevao/Desktop/Projects/C/42Projects/test/minishell)
==179488==    by 0x4001708: main (in /home/jestevao/Desktop/Projects/C/42Projects/test/minishell)
==179488== 
==179488== 16 bytes in 1 blocks are still reachable in loss record 10 of 73
==179488==    at 0x48527A8: malloc (vg_replace_malloc.c:446)
==179488==    by 0x48B030B: UnknownInlinedFun (readline.c:1338)
==179488==    by 0x48B030B: rl_initialize (readline.c:1196)
==179488==    by 0x48B04C8: readline (readline.c:379)
==179488==    by 0x4001328: ft_process_input (in /home/jestevao/Desktop/Projects/C/42Projects/test/minishell)
==179488==    by 0x4001708: main (in /home/jestevao/Desktop/Projects/C/42Projects/test/minishell)
==179488== 
==179488== 20 bytes in 1 blocks are still reachable in loss record 11 of 73
==179488==    at 0x48527A8: malloc (vg_replace_malloc.c:446)
==179488==    by 0x48C9ADD: xmalloc (xmalloc.c:59)
==179488==    by 0x48B3954: parser_if (bind.c:1275)
==179488==    by 0x48B66A0: UnknownInlinedFun (bind.c:1575)
==179488==    by 0x48B66A0: rl_parse_and_bind (bind.c:1634)
==179488==    by 0x48B6BA4: _rl_read_init_file (bind.c:1131)
==179488==    by 0x48B0215: UnknownInlinedFun (readline.c:1308)
==179488==    by 0x48B0215: rl_initialize (readline.c:1196)
==179488==    by 0x48B04C8: readline (readline.c:379)
==179488==    by 0x4001328: ft_process_input (in /home/jestevao/Desktop/Projects/C/42Projects/test/minishell)
==179488==    by 0x4001708: main (in /home/jestevao/Desktop/Projects/C/42Projects/test/minishell)
==179488== 
==179488== 24 bytes in 1 blocks are still reachable in loss record 12 of 73
==179488==    at 0x48527A8: malloc (vg_replace_malloc.c:446)
==179488==    by 0x49FB01A: __tsearch (tsearch.c:337)
==179488==    by 0x49FB01A: tsearch (tsearch.c:290)
==179488==    by 0x4B0E058: tparm_setup.lto_priv.0 (lib_tparm.c:660)
==179488==    by 0x4B17C68: _nc_tiparm (lib_tparm.c:1340)
==179488==    by 0x4B19730: set_attribute_9.isra.0 (trim_sgr0.c:51)
==179488==    by 0x4B197BA: _nc_trim_sgr0 (trim_sgr0.c:241)
==179488==    by 0x4B1571F: tgetent_sp (lib_termcap.c:182)
==179488==    by 0x48C52D9: _rl_init_terminal_io (terminal.c:523)
==179488==    by 0x48B01E9: UnknownInlinedFun (readline.c:1296)
==179488==    by 0x48B01E9: rl_initialize (readline.c:1196)
==179488==    by 0x48B04C8: readline (readline.c:379)
==179488==    by 0x4001328: ft_process_input (in /home/jestevao/Desktop/Projects/C/42Projects/test/minishell)
==179488==    by 0x4001708: main (in /home/jestevao/Desktop/Projects/C/42Projects/test/minishell)
==179488== 
==179488== 27 bytes in 1 blocks are still reachable in loss record 13 of 73
==179488==    at 0x48527A8: malloc (vg_replace_malloc.c:446)
==179488==    by 0x4B0A667: _nc_home_terminfo (home_terminfo.c:59)
==179488==    by 0x4B0ACF4: UnknownInlinedFun (db_iterator.c:330)
==179488==    by 0x4B0ACF4: _nc_first_db (db_iterator.c:285)
==179488==    by 0x4B23BD8: _nc_read_entry2 (read_entry.c:902)
==179488==    by 0x4B14E34: _nc_setup_tinfo (lib_setup.c:674)
==179488==    by 0x4B14FF8: _nc_setupterm (lib_setup.c:969)
==179488==    by 0x4B15543: tgetent_sp (lib_termcap.c:104)
==179488==    by 0x48C52D9: _rl_init_terminal_io (terminal.c:523)
==179488==    by 0x48B01E9: UnknownInlinedFun (readline.c:1296)
==179488==    by 0x48B01E9: rl_initialize (readline.c:1196)
==179488==    by 0x48B04C8: readline (readline.c:379)
==179488==    by 0x4001328: ft_process_input (in /home/jestevao/Desktop/Projects/C/42Projects/test/minishell)
==179488==    by 0x4001708: main (in /home/jestevao/Desktop/Projects/C/42Projects/test/minishell)
==179488== 
==179488== 32 bytes in 1 blocks are still reachable in loss record 14 of 73
==179488==    at 0x4859C13: calloc (vg_replace_malloc.c:1675)
==179488==    by 0x4B0A8A4: UnknownInlinedFun (db_iterator.c:367)
==179488==    by 0x4B0A8A4: _nc_first_db (db_iterator.c:285)
==179488==    by 0x4B23BD8: _nc_read_entry2 (read_entry.c:902)
==179488==    by 0x4B14E34: _nc_setup_tinfo (lib_setup.c:674)
==179488==    by 0x4B14FF8: _nc_setupterm (lib_setup.c:969)
==179488==    by 0x4B15543: tgetent_sp (lib_termcap.c:104)
==179488==    by 0x48C52D9: _rl_init_terminal_io (terminal.c:523)
==179488==    by 0x48B01E9: UnknownInlinedFun (readline.c:1296)
==179488==    by 0x48B01E9: rl_initialize (readline.c:1196)
==179488==    by 0x48B04C8: readline (readline.c:379)
==179488==    by 0x4001328: ft_process_input (in /home/jestevao/Desktop/Projects/C/42Projects/test/minishell)
==179488==    by 0x4001708: main (in /home/jestevao/Desktop/Projects/C/42Projects/test/minishell)
==179488== 
==179488== 47 bytes in 1 blocks are still reachable in loss record 15 of 73
==179488==    at 0x4859E4F: realloc (vg_replace_malloc.c:1801)
==179488==    by 0x4B0966F: _nc_doalloc (doalloc.c:54)
==179488==    by 0x4B1BC6D: _nc_read_termtype (read_entry.c:438)
==179488==    by 0x4B236EB: _nc_read_file_entry (read_entry.c:603)
==179488==    by 0x4B23AB0: _nc_read_tic_entry.constprop.0 (read_entry.c:861)
==179488==    by 0x4B23C0A: _nc_read_entry2 (read_entry.c:905)
==179488==    by 0x4B14E34: _nc_setup_tinfo (lib_setup.c:674)
==179488==    by 0x4B14FF8: _nc_setupterm (lib_setup.c:969)
==179488==    by 0x4B15543: tgetent_sp (lib_termcap.c:104)
==179488==    by 0x48C52D9: _rl_init_terminal_io (terminal.c:523)
==179488==    by 0x48B01E9: UnknownInlinedFun (readline.c:1296)
==179488==    by 0x48B01E9: rl_initialize (readline.c:1196)
==179488==    by 0x48B04C8: readline (readline.c:379)
==179488== 
==179488== 47 bytes in 1 blocks are still reachable in loss record 16 of 73
==179488==    at 0x48527A8: malloc (vg_replace_malloc.c:446)
==179488==    by 0x4B08B95: copy_termtype (alloc_ttype.c:543)
==179488==    by 0x4B1502A: _nc_setupterm (lib_setup.c:1001)
==179488==    by 0x4B15543: tgetent_sp (lib_termcap.c:104)
==179488==    by 0x48C52D9: _rl_init_terminal_io (terminal.c:523)
==179488==    by 0x48B01E9: UnknownInlinedFun (readline.c:1296)
==179488==    by 0x48B01E9: rl_initialize (readline.c:1196)
==179488==    by 0x48B04C8: readline (readline.c:379)
==179488==    by 0x4001328: ft_process_input (in /home/jestevao/Desktop/Projects/C/42Projects/test/minishell)
==179488==    by 0x4001708: main (in /home/jestevao/Desktop/Projects/C/42Projects/test/minishell)
==179488== 
==179488== 64 bytes in 1 blocks are still reachable in loss record 17 of 73
==179488==    at 0x48527A8: malloc (vg_replace_malloc.c:446)
==179488==    by 0x48C9ADD: xmalloc (xmalloc.c:59)
==179488==    by 0x48A3862: rl_set_prompt (readline.c:344)
==179488==    by 0x48B04C2: readline (readline.c:377)
==179488==    by 0x4001328: ft_process_input (in /home/jestevao/Desktop/Projects/C/42Projects/test/minishell)
==179488==    by 0x4001708: main (in /home/jestevao/Desktop/Projects/C/42Projects/test/minishell)
==179488== 
==179488== 64 bytes in 1 blocks are still reachable in loss record 18 of 73
==179488==    at 0x48527A8: malloc (vg_replace_malloc.c:446)
==179488==    by 0x48C9ADD: xmalloc (xmalloc.c:59)
==179488==    by 0x48B5B76: expand_prompt (display.c:391)
==179488==    by 0x48B5D15: rl_expand_prompt (display.c:606)
==179488==    by 0x48A3888: rl_set_prompt (readline.c:347)
==179488==    by 0x48B04C2: readline (readline.c:377)
==179488==    by 0x4001328: ft_process_input (in /home/jestevao/Desktop/Projects/C/42Projects/test/minishell)
==179488==    by 0x4001708: main (in /home/jestevao/Desktop/Projects/C/42Projects/test/minishell)
==179488== 
==179488== 74 bytes in 1 blocks are still reachable in loss record 19 of 73
==179488==    at 0x48527A8: malloc (vg_replace_malloc.c:446)
==179488==    by 0x4B0A7FA: UnknownInlinedFun (db_iterator.c:352)
==179488==    by 0x4B0A7FA: _nc_first_db (db_iterator.c:285)
==179488==    by 0x4B23BD8: _nc_read_entry2 (read_entry.c:902)
==179488==    by 0x4B14E34: _nc_setup_tinfo (lib_setup.c:674)
==179488==    by 0x4B14FF8: _nc_setupterm (lib_setup.c:969)
==179488==    by 0x4B15543: tgetent_sp (lib_termcap.c:104)
==179488==    by 0x48C52D9: _rl_init_terminal_io (terminal.c:523)
==179488==    by 0x48B01E9: UnknownInlinedFun (readline.c:1296)
==179488==    by 0x48B01E9: rl_initialize (readline.c:1196)
==179488==    by 0x48B04C8: readline (readline.c:379)
==179488==    by 0x4001328: ft_process_input (in /home/jestevao/Desktop/Projects/C/42Projects/test/minishell)
==179488==    by 0x4001708: main (in /home/jestevao/Desktop/Projects/C/42Projects/test/minishell)
==179488== 
==179488== 78 bytes in 1 blocks are still reachable in loss record 20 of 73
==179488==    at 0x48527A8: malloc (vg_replace_malloc.c:446)
==179488==    by 0x4B08CD6: copy_termtype (alloc_ttype.c:590)
==179488==    by 0x4B1502A: _nc_setupterm (lib_setup.c:1001)
==179488==    by 0x4B15543: tgetent_sp (lib_termcap.c:104)
==179488==    by 0x48C52D9: _rl_init_terminal_io (terminal.c:523)
==179488==    by 0x48B01E9: UnknownInlinedFun (readline.c:1296)
==179488==    by 0x48B01E9: rl_initialize (readline.c:1196)
==179488==    by 0x48B04C8: readline (readline.c:379)
==179488==    by 0x4001328: ft_process_input (in /home/jestevao/Desktop/Projects/C/42Projects/test/minishell)
==179488==    by 0x4001708: main (in /home/jestevao/Desktop/Projects/C/42Projects/test/minishell)
==179488== 
==179488== 93 bytes in 1 blocks are still reachable in loss record 21 of 73
==179488==    at 0x48527A8: malloc (vg_replace_malloc.c:446)
==179488==    by 0x499062F: strdup (strdup.c:42)
==179488==    by 0x4B0E031: tparm_setup.lto_priv.0 (lib_tparm.c:659)
==179488==    by 0x4B17C68: _nc_tiparm (lib_tparm.c:1340)
==179488==    by 0x4B19730: set_attribute_9.isra.0 (trim_sgr0.c:51)
==179488==    by 0x4B197BA: _nc_trim_sgr0 (trim_sgr0.c:241)
==179488==    by 0x4B1571F: tgetent_sp (lib_termcap.c:182)
==179488==    by 0x48C52D9: _rl_init_terminal_io (terminal.c:523)
==179488==    by 0x48B01E9: UnknownInlinedFun (readline.c:1296)
==179488==    by 0x48B01E9: rl_initialize (readline.c:1196)
==179488==    by 0x48B04C8: readline (readline.c:379)
==179488==    by 0x4001328: ft_process_input (in /home/jestevao/Desktop/Projects/C/42Projects/test/minishell)
==179488==    by 0x4001708: main (in /home/jestevao/Desktop/Projects/C/42Projects/test/minishell)
==179488== 
==179488== 94 bytes in 1 blocks are still reachable in loss record 22 of 73
==179488==    at 0x48527A8: malloc (vg_replace_malloc.c:446)
==179488==    by 0x4B0DBA0: _nc_tparm_analyze (lib_tparm.c:483)
==179488==    by 0x4B0DF33: tparm_setup.lto_priv.0 (lib_tparm.c:637)
==179488==    by 0x4B17C68: _nc_tiparm (lib_tparm.c:1340)
==179488==    by 0x4B19730: set_attribute_9.isra.0 (trim_sgr0.c:51)
==179488==    by 0x4B197BA: _nc_trim_sgr0 (trim_sgr0.c:241)
==179488==    by 0x4B1571F: tgetent_sp (lib_termcap.c:182)
==179488==    by 0x48C52D9: _rl_init_terminal_io (terminal.c:523)
==179488==    by 0x48B01E9: UnknownInlinedFun (readline.c:1296)
==179488==    by 0x48B01E9: rl_initialize (readline.c:1196)
==179488==    by 0x48B04C8: readline (readline.c:379)
==179488==    by 0x4001328: ft_process_input (in /home/jestevao/Desktop/Projects/C/42Projects/test/minishell)
==179488==    by 0x4001708: main (in /home/jestevao/Desktop/Projects/C/42Projects/test/minishell)
==179488== 
==179488== 156 bytes in 1 blocks are still reachable in loss record 23 of 73
==179488==    at 0x4859E4F: realloc (vg_replace_malloc.c:1801)
==179488==    by 0x4B0966F: _nc_doalloc (doalloc.c:54)
==179488==    by 0x4B1BC94: _nc_read_termtype (read_entry.c:439)
==179488==    by 0x4B236EB: _nc_read_file_entry (read_entry.c:603)
==179488==    by 0x4B23AB0: _nc_read_tic_entry.constprop.0 (read_entry.c:861)
==179488==    by 0x4B23C0A: _nc_read_entry2 (read_entry.c:905)
==179488==    by 0x4B14E34: _nc_setup_tinfo (lib_setup.c:674)
==179488==    by 0x4B14FF8: _nc_setupterm (lib_setup.c:969)
==179488==    by 0x4B15543: tgetent_sp (lib_termcap.c:104)
==179488==    by 0x48C52D9: _rl_init_terminal_io (terminal.c:523)
==179488==    by 0x48B01E9: UnknownInlinedFun (readline.c:1296)
==179488==    by 0x48B01E9: rl_initialize (readline.c:1196)
==179488==    by 0x48B04C8: readline (readline.c:379)
==179488== 
==179488== 168 bytes in 1 blocks are still reachable in loss record 24 of 73
==179488==    at 0x4859C13: calloc (vg_replace_malloc.c:1675)
==179488==    by 0x4B0DFAA: tparm_setup.lto_priv.0 (lib_tparm.c:657)
==179488==    by 0x4B17C68: _nc_tiparm (lib_tparm.c:1340)
==179488==    by 0x4B19730: set_attribute_9.isra.0 (trim_sgr0.c:51)
==179488==    by 0x4B197BA: _nc_trim_sgr0 (trim_sgr0.c:241)
==179488==    by 0x4B1571F: tgetent_sp (lib_termcap.c:182)
==179488==    by 0x48C52D9: _rl_init_terminal_io (terminal.c:523)
==179488==    by 0x48B01E9: UnknownInlinedFun (readline.c:1296)
==179488==    by 0x48B01E9: rl_initialize (readline.c:1196)
==179488==    by 0x48B04C8: readline (readline.c:379)
==179488==    by 0x4001328: ft_process_input (in /home/jestevao/Desktop/Projects/C/42Projects/test/minishell)
==179488==    by 0x4001708: main (in /home/jestevao/Desktop/Projects/C/42Projects/test/minishell)
==179488== 
==179488== 256 bytes in 1 blocks are still reachable in loss record 25 of 73
==179488==    at 0x48527A8: malloc (vg_replace_malloc.c:446)
==179488==    by 0x48C9ADD: xmalloc (xmalloc.c:59)
==179488==    by 0x48B0467: UnknownInlinedFun (readline.c:1291)
==179488==    by 0x48B0467: rl_initialize (readline.c:1196)
==179488==    by 0x48B04C8: readline (readline.c:379)
==179488==    by 0x4001328: ft_process_input (in /home/jestevao/Desktop/Projects/C/42Projects/test/minishell)
==179488==    by 0x4001708: main (in /home/jestevao/Desktop/Projects/C/42Projects/test/minishell)
==179488== 
==179488== 712 bytes in 1 blocks are still reachable in loss record 26 of 73
==179488==    at 0x4859C13: calloc (vg_replace_malloc.c:1675)
==179488==    by 0x4B1BFDA: _nc_read_termtype (read_entry.c:533)
==179488==    by 0x4B236EB: _nc_read_file_entry (read_entry.c:603)
==179488==    by 0x4B23AB0: _nc_read_tic_entry.constprop.0 (read_entry.c:861)
==179488==    by 0x4B23C0A: _nc_read_entry2 (read_entry.c:905)
==179488==    by 0x4B14E34: _nc_setup_tinfo (lib_setup.c:674)
==179488==    by 0x4B14FF8: _nc_setupterm (lib_setup.c:969)
==179488==    by 0x4B15543: tgetent_sp (lib_termcap.c:104)
==179488==    by 0x48C52D9: _rl_init_terminal_io (terminal.c:523)
==179488==    by 0x48B01E9: UnknownInlinedFun (readline.c:1296)
==179488==    by 0x48B01E9: rl_initialize (readline.c:1196)
==179488==    by 0x48B04C8: readline (readline.c:379)
==179488==    by 0x4001328: ft_process_input (in /home/jestevao/Desktop/Projects/C/42Projects/test/minishell)
==179488== 
==179488== 712 bytes in 1 blocks are still reachable in loss record 27 of 73
==179488==    at 0x48527A8: malloc (vg_replace_malloc.c:446)
==179488==    by 0x4B08EF6: copy_termtype (alloc_ttype.c:632)
==179488==    by 0x4B1502A: _nc_setupterm (lib_setup.c:1001)
==179488==    by 0x4B15543: tgetent_sp (lib_termcap.c:104)
==179488==    by 0x48C52D9: _rl_init_terminal_io (terminal.c:523)
==179488==    by 0x48B01E9: UnknownInlinedFun (readline.c:1296)
==179488==    by 0x48B01E9: rl_initialize (readline.c:1196)
==179488==    by 0x48B04C8: readline (readline.c:379)
==179488==    by 0x4001328: ft_process_input (in /home/jestevao/Desktop/Projects/C/42Projects/test/minishell)
==179488==    by 0x4001708: main (in /home/jestevao/Desktop/Projects/C/42Projects/test/minishell)
==179488== 
==179488== 760 bytes in 1 blocks are still reachable in loss record 28 of 73
==179488==    at 0x4859C13: calloc (vg_replace_malloc.c:1675)
==179488==    by 0x4B14FA0: _nc_setupterm (lib_setup.c:925)
==179488==    by 0x4B15543: tgetent_sp (lib_termcap.c:104)
==179488==    by 0x48C52D9: _rl_init_terminal_io (terminal.c:523)
==179488==    by 0x48B01E9: UnknownInlinedFun (readline.c:1296)
==179488==    by 0x48B01E9: rl_initialize (readline.c:1196)
==179488==    by 0x48B04C8: readline (readline.c:379)
==179488==    by 0x4001328: ft_process_input (in /home/jestevao/Desktop/Projects/C/42Projects/test/minishell)
==179488==    by 0x4001708: main (in /home/jestevao/Desktop/Projects/C/42Projects/test/minishell)
==179488== 
==179488== 1,024 bytes in 1 blocks are still reachable in loss record 29 of 73
==179488==    at 0x48527A8: malloc (vg_replace_malloc.c:446)
==179488==    by 0x48CA6E8: xrealloc (xmalloc.c:70)
==179488==    by 0x48B26BC: realloc_line (display.c:659)
==179488==    by 0x48B27CA: init_line_structures (display.c:687)
==179488==    by 0x48BC37E: rl_redisplay (display.c:801)
==179488==    by 0x48A50BF: readline_internal_setup (readline.c:468)
==179488==    by 0x48B04EE: UnknownInlinedFun (readline.c:732)
==179488==    by 0x48B04EE: readline (readline.c:387)
==179488==    by 0x4001328: ft_process_input (in /home/jestevao/Desktop/Projects/C/42Projects/test/minishell)
==179488==    by 0x4001708: main (in /home/jestevao/Desktop/Projects/C/42Projects/test/minishell)
==179488== 
==179488== 1,024 bytes in 1 blocks are still reachable in loss record 30 of 73
==179488==    at 0x48527A8: malloc (vg_replace_malloc.c:446)
==179488==    by 0x48CA6E8: xrealloc (xmalloc.c:70)
==179488==    by 0x48B26D4: realloc_line (display.c:660)
==179488==    by 0x48B27CA: init_line_structures (display.c:687)
==179488==    by 0x48BC37E: rl_redisplay (display.c:801)
==179488==    by 0x48A50BF: readline_internal_setup (readline.c:468)
==179488==    by 0x48B04EE: UnknownInlinedFun (readline.c:732)
==179488==    by 0x48B04EE: readline (readline.c:387)
==179488==    by 0x4001328: ft_process_input (in /home/jestevao/Desktop/Projects/C/42Projects/test/minishell)
==179488==    by 0x4001708: main (in /home/jestevao/Desktop/Projects/C/42Projects/test/minishell)
==179488== 
==179488== 1,024 bytes in 1 blocks are still reachable in loss record 31 of 73
==179488==    at 0x48527A8: malloc (vg_replace_malloc.c:446)
==179488==    by 0x48CA6E8: xrealloc (xmalloc.c:70)
==179488==    by 0x48B26EC: realloc_line (display.c:662)
==179488==    by 0x48B27CA: init_line_structures (display.c:687)
==179488==    by 0x48BC37E: rl_redisplay (display.c:801)
==179488==    by 0x48A50BF: readline_internal_setup (readline.c:468)
==179488==    by 0x48B04EE: UnknownInlinedFun (readline.c:732)
==179488==    by 0x48B04EE: readline (readline.c:387)
==179488==    by 0x4001328: ft_process_input (in /home/jestevao/Desktop/Projects/C/42Projects/test/minishell)
==179488==    by 0x4001708: main (in /home/jestevao/Desktop/Projects/C/42Projects/test/minishell)
==179488== 
==179488== 1,024 bytes in 1 blocks are still reachable in loss record 32 of 73
==179488==    at 0x48527A8: malloc (vg_replace_malloc.c:446)
==179488==    by 0x48CA6E8: xrealloc (xmalloc.c:70)
==179488==    by 0x48B2704: realloc_line (display.c:663)
==179488==    by 0x48B27CA: init_line_structures (display.c:687)
==179488==    by 0x48BC37E: rl_redisplay (display.c:801)
==179488==    by 0x48A50BF: readline_internal_setup (readline.c:468)
==179488==    by 0x48B04EE: UnknownInlinedFun (readline.c:732)
==179488==    by 0x48B04EE: readline (readline.c:387)
==179488==    by 0x4001328: ft_process_input (in /home/jestevao/Desktop/Projects/C/42Projects/test/minishell)
==179488==    by 0x4001708: main (in /home/jestevao/Desktop/Projects/C/42Projects/test/minishell)
==179488== 
==179488== 1,024 bytes in 1 blocks are still reachable in loss record 33 of 73
==179488==    at 0x48527A8: malloc (vg_replace_malloc.c:446)
==179488==    by 0x48C9ADD: xmalloc (xmalloc.c:59)
==179488==    by 0x48B2826: init_line_structures (display.c:696)
==179488==    by 0x48BC37E: rl_redisplay (display.c:801)
==179488==    by 0x48A50BF: readline_internal_setup (readline.c:468)
==179488==    by 0x48B04EE: UnknownInlinedFun (readline.c:732)
==179488==    by 0x48B04EE: readline (readline.c:387)
==179488==    by 0x4001328: ft_process_input (in /home/jestevao/Desktop/Projects/C/42Projects/test/minishell)
==179488==    by 0x4001708: main (in /home/jestevao/Desktop/Projects/C/42Projects/test/minishell)
==179488== 
==179488== 1,024 bytes in 1 blocks are still reachable in loss record 34 of 73
==179488==    at 0x48527A8: malloc (vg_replace_malloc.c:446)
==179488==    by 0x48C9ADD: xmalloc (xmalloc.c:59)
==179488==    by 0x48B2842: init_line_structures (display.c:699)
==179488==    by 0x48BC37E: rl_redisplay (display.c:801)
==179488==    by 0x48A50BF: readline_internal_setup (readline.c:468)
==179488==    by 0x48B04EE: UnknownInlinedFun (readline.c:732)
==179488==    by 0x48B04EE: readline (readline.c:387)
==179488==    by 0x4001328: ft_process_input (in /home/jestevao/Desktop/Projects/C/42Projects/test/minishell)
==179488==    by 0x4001708: main (in /home/jestevao/Desktop/Projects/C/42Projects/test/minishell)
==179488== 
==179488== 1,024 bytes in 1 blocks are still reachable in loss record 35 of 73
==179488==    at 0x48527A8: malloc (vg_replace_malloc.c:446)
==179488==    by 0x48C9ADD: xmalloc (xmalloc.c:59)
==179488==    by 0x48B285B: init_line_structures (display.c:702)
==179488==    by 0x48BC37E: rl_redisplay (display.c:801)
==179488==    by 0x48A50BF: readline_internal_setup (readline.c:468)
==179488==    by 0x48B04EE: UnknownInlinedFun (readline.c:732)
==179488==    by 0x48B04EE: readline (readline.c:387)
==179488==    by 0x4001328: ft_process_input (in /home/jestevao/Desktop/Projects/C/42Projects/test/minishell)
==179488==    by 0x4001708: main (in /home/jestevao/Desktop/Projects/C/42Projects/test/minishell)
==179488== 
==179488== 1,024 bytes in 1 blocks are still reachable in loss record 36 of 73
==179488==    at 0x48527A8: malloc (vg_replace_malloc.c:446)
==179488==    by 0x48C9ADD: xmalloc (xmalloc.c:59)
==179488==    by 0x48B2874: init_line_structures (display.c:703)
==179488==    by 0x48BC37E: rl_redisplay (display.c:801)
==179488==    by 0x48A50BF: readline_internal_setup (readline.c:468)
==179488==    by 0x48B04EE: UnknownInlinedFun (readline.c:732)
==179488==    by 0x48B04EE: readline (readline.c:387)
==179488==    by 0x4001328: ft_process_input (in /home/jestevao/Desktop/Projects/C/42Projects/test/minishell)
==179488==    by 0x4001708: main (in /home/jestevao/Desktop/Projects/C/42Projects/test/minishell)
==179488== 
==179488== 1,107 bytes in 1 blocks are still reachable in loss record 37 of 73
==179488==    at 0x48527A8: malloc (vg_replace_malloc.c:446)
==179488==    by 0x4B1BE86: _nc_read_termtype (read_entry.c:485)
==179488==    by 0x4B236EB: _nc_read_file_entry (read_entry.c:603)
==179488==    by 0x4B23AB0: _nc_read_tic_entry.constprop.0 (read_entry.c:861)
==179488==    by 0x4B23C0A: _nc_read_entry2 (read_entry.c:905)
==179488==    by 0x4B14E34: _nc_setup_tinfo (lib_setup.c:674)
==179488==    by 0x4B14FF8: _nc_setupterm (lib_setup.c:969)
==179488==    by 0x4B15543: tgetent_sp (lib_termcap.c:104)
==179488==    by 0x48C52D9: _rl_init_terminal_io (terminal.c:523)
==179488==    by 0x48B01E9: UnknownInlinedFun (readline.c:1296)
==179488==    by 0x48B01E9: rl_initialize (readline.c:1196)
==179488==    by 0x48B04C8: readline (readline.c:379)
==179488==    by 0x4001328: ft_process_input (in /home/jestevao/Desktop/Projects/C/42Projects/test/minishell)
==179488== 
==179488== 1,108 bytes in 1 blocks are still reachable in loss record 38 of 73
==179488==    at 0x4859C13: calloc (vg_replace_malloc.c:1675)
==179488==    by 0x4B09086: copy_termtype (alloc_ttype.c:669)
==179488==    by 0x4B1502A: _nc_setupterm (lib_setup.c:1001)
==179488==    by 0x4B15543: tgetent_sp (lib_termcap.c:104)
==179488==    by 0x48C52D9: _rl_init_terminal_io (terminal.c:523)
==179488==    by 0x48B01E9: UnknownInlinedFun (readline.c:1296)
==179488==    by 0x48B01E9: rl_initialize (readline.c:1196)
==179488==    by 0x48B04C8: readline (readline.c:379)
==179488==    by 0x4001328: ft_process_input (in /home/jestevao/Desktop/Projects/C/42Projects/test/minishell)
==179488==    by 0x4001708: main (in /home/jestevao/Desktop/Projects/C/42Projects/test/minishell)
==179488== 
==179488== 1,536 bytes in 1 blocks are still reachable in loss record 39 of 73
==179488==    at 0x4859E4F: realloc (vg_replace_malloc.c:1801)
==179488==    by 0x48CA6D2: xrealloc (xmalloc.c:70)
==179488==    by 0x48A5465: rl_add_funmap_entry (funmap.c:218)
==179488==    by 0x48A54C0: UnknownInlinedFun (funmap.c:241)
==179488==    by 0x48A54C0: rl_initialize_funmap (funmap.c:233)
==179488==    by 0x48B0207: UnknownInlinedFun (readline.c:1302)
==179488==    by 0x48B0207: rl_initialize (readline.c:1196)
==179488==    by 0x48B04C8: readline (readline.c:379)
==179488==    by 0x4001328: ft_process_input (in /home/jestevao/Desktop/Projects/C/42Projects/test/minishell)
==179488==    by 0x4001708: main (in /home/jestevao/Desktop/Projects/C/42Projects/test/minishell)
==179488== 
==179488== 1,664 bytes in 1 blocks are still reachable in loss record 40 of 73
==179488==    at 0x48527A8: malloc (vg_replace_malloc.c:446)
==179488==    by 0x4B1B400: _nc_read_termtype (read_entry.c:349)
==179488==    by 0x4B236EB: _nc_read_file_entry (read_entry.c:603)
==179488==    by 0x4B23AB0: _nc_read_tic_entry.constprop.0 (read_entry.c:861)
==179488==    by 0x4B23C0A: _nc_read_entry2 (read_entry.c:905)
==179488==    by 0x4B14E34: _nc_setup_tinfo (lib_setup.c:674)
==179488==    by 0x4B14FF8: _nc_setupterm (lib_setup.c:969)
==179488==    by 0x4B15543: tgetent_sp (lib_termcap.c:104)
==179488==    by 0x48C52D9: _rl_init_terminal_io (terminal.c:523)
==179488==    by 0x48B01E9: UnknownInlinedFun (readline.c:1296)
==179488==    by 0x48B01E9: rl_initialize (readline.c:1196)
==179488==    by 0x48B04C8: readline (readline.c:379)
==179488==    by 0x4001328: ft_process_input (in /home/jestevao/Desktop/Projects/C/42Projects/test/minishell)
==179488== 
==179488== 2,032 bytes in 1 blocks are still reachable in loss record 41 of 73
==179488==    at 0x48527A8: malloc (vg_replace_malloc.c:446)
==179488==    by 0x48C9ADD: xmalloc (xmalloc.c:59)
==179488==    by 0x48C555A: _rl_init_terminal_io (terminal.c:516)
==179488==    by 0x48B01E9: UnknownInlinedFun (readline.c:1296)
==179488==    by 0x48B01E9: rl_initialize (readline.c:1196)
==179488==    by 0x48B04C8: readline (readline.c:379)
==179488==    by 0x4001328: ft_process_input (in /home/jestevao/Desktop/Projects/C/42Projects/test/minishell)
==179488==    by 0x4001708: main (in /home/jestevao/Desktop/Projects/C/42Projects/test/minishell)
==179488== 
==179488== 2,272 bytes in 142 blocks are still reachable in loss record 42 of 73
==179488==    at 0x48527A8: malloc (vg_replace_malloc.c:446)
==179488==    by 0x48C9ADD: xmalloc (xmalloc.c:59)
==179488==    by 0x48A5412: rl_add_funmap_entry (funmap.c:221)
==179488==    by 0x48A54C0: UnknownInlinedFun (funmap.c:241)
==179488==    by 0x48A54C0: rl_initialize_funmap (funmap.c:233)
==179488==    by 0x48B0207: UnknownInlinedFun (readline.c:1302)
==179488==    by 0x48B0207: rl_initialize (readline.c:1196)
==179488==    by 0x48B04C8: readline (readline.c:379)
==179488==    by 0x4001328: ft_process_input (in /home/jestevao/Desktop/Projects/C/42Projects/test/minishell)
==179488==    by 0x4001708: main (in /home/jestevao/Desktop/Projects/C/42Projects/test/minishell)
==179488== 
==179488== 2,337 bytes in 1 blocks are still reachable in loss record 43 of 73
==179488==    at 0x48527A8: malloc (vg_replace_malloc.c:446)
==179488==    by 0x4B08E79: copy_termtype (alloc_ttype.c:581)
==179488==    by 0x4B1502A: _nc_setupterm (lib_setup.c:1001)
==179488==    by 0x4B15543: tgetent_sp (lib_termcap.c:104)
==179488==    by 0x48C52D9: _rl_init_terminal_io (terminal.c:523)
==179488==    by 0x48B01E9: UnknownInlinedFun (readline.c:1296)
==179488==    by 0x48B01E9: rl_initialize (readline.c:1196)
==179488==    by 0x48B04C8: readline (readline.c:379)
==179488==    by 0x4001328: ft_process_input (in /home/jestevao/Desktop/Projects/C/42Projects/test/minishell)
==179488==    by 0x4001708: main (in /home/jestevao/Desktop/Projects/C/42Projects/test/minishell)
==179488== 
==179488== 4,000 bytes in 1 blocks are still reachable in loss record 44 of 73
==179488==    at 0x4859E4F: realloc (vg_replace_malloc.c:1801)
==179488==    by 0x4B0966F: _nc_doalloc (doalloc.c:54)
==179488==    by 0x4B1BCBB: _nc_read_termtype (read_entry.c:440)
==179488==    by 0x4B236EB: _nc_read_file_entry (read_entry.c:603)
==179488==    by 0x4B23AB0: _nc_read_tic_entry.constprop.0 (read_entry.c:861)
==179488==    by 0x4B23C0A: _nc_read_entry2 (read_entry.c:905)
==179488==    by 0x4B14E34: _nc_setup_tinfo (lib_setup.c:674)
==179488==    by 0x4B14FF8: _nc_setupterm (lib_setup.c:969)
==179488==    by 0x4B15543: tgetent_sp (lib_termcap.c:104)
==179488==    by 0x48C52D9: _rl_init_terminal_io (terminal.c:523)
==179488==    by 0x48B01E9: UnknownInlinedFun (readline.c:1296)
==179488==    by 0x48B01E9: rl_initialize (readline.c:1196)
==179488==    by 0x48B04C8: readline (readline.c:379)
==179488== 
==179488== 4,000 bytes in 1 blocks are still reachable in loss record 45 of 73
==179488==    at 0x48527A8: malloc (vg_replace_malloc.c:446)
==179488==    by 0x4B08BBD: copy_termtype (alloc_ttype.c:544)
==179488==    by 0x4B1502A: _nc_setupterm (lib_setup.c:1001)
==179488==    by 0x4B15543: tgetent_sp (lib_termcap.c:104)
==179488==    by 0x48C52D9: _rl_init_terminal_io (terminal.c:523)
==179488==    by 0x48B01E9: UnknownInlinedFun (readline.c:1296)
==179488==    by 0x48B01E9: rl_initialize (readline.c:1196)
==179488==    by 0x48B04C8: readline (readline.c:379)
==179488==    by 0x4001328: ft_process_input (in /home/jestevao/Desktop/Projects/C/42Projects/test/minishell)
==179488==    by 0x4001708: main (in /home/jestevao/Desktop/Projects/C/42Projects/test/minishell)
==179488== 
==179488== 4,080 bytes in 1 blocks are still reachable in loss record 46 of 73
==179488==    at 0x48527A8: malloc (vg_replace_malloc.c:446)
==179488==    by 0x48C9ADD: xmalloc (xmalloc.c:59)
==179488==    by 0x48C553A: _rl_init_terminal_io (terminal.c:519)
==179488==    by 0x48B01E9: UnknownInlinedFun (readline.c:1296)
==179488==    by 0x48B01E9: rl_initialize (readline.c:1196)
==179488==    by 0x48B04C8: readline (readline.c:379)
==179488==    by 0x4001328: ft_process_input (in /home/jestevao/Desktop/Projects/C/42Projects/test/minishell)
==179488==    by 0x4001708: main (in /home/jestevao/Desktop/Projects/C/42Projects/test/minishell)
==179488== 
==179488== 4,112 bytes in 1 blocks are still reachable in loss record 47 of 73
==179488==    at 0x48527A8: malloc (vg_replace_malloc.c:446)
==179488==    by 0x48C9ADD: xmalloc (xmalloc.c:59)
==179488==    by 0x48A38F2: rl_make_bare_keymap (keymaps.c:62)
==179488==    by 0x48A47F8: rl_generic_bind (bind.c:454)
==179488==    by 0x48AFF0E: UnknownInlinedFun (bind.c:340)
==179488==    by 0x48AFF0E: rl_bind_keyseq_if_unbound_in_map (bind.c:317)
==179488==    by 0x48C4DC7: bind_termcap_arrow_keys (terminal.c:651)
==179488==    by 0x48C5417: _rl_init_terminal_io (terminal.c:621)
==179488==    by 0x48B01E9: UnknownInlinedFun (readline.c:1296)
==179488==    by 0x48B01E9: rl_initialize (readline.c:1196)
==179488==    by 0x48B04C8: readline (readline.c:379)
==179488==    by 0x4001328: ft_process_input (in /home/jestevao/Desktop/Projects/C/42Projects/test/minishell)
==179488==    by 0x4001708: main (in /home/jestevao/Desktop/Projects/C/42Projects/test/minishell)
==179488== 
==179488== 4,112 bytes in 1 blocks are still reachable in loss record 48 of 73
==179488==    at 0x48527A8: malloc (vg_replace_malloc.c:446)
==179488==    by 0x48C9ADD: xmalloc (xmalloc.c:59)
==179488==    by 0x48A38F2: rl_make_bare_keymap (keymaps.c:62)
==179488==    by 0x48A47F8: rl_generic_bind (bind.c:454)
==179488==    by 0x48AFF0E: UnknownInlinedFun (bind.c:340)
==179488==    by 0x48AFF0E: rl_bind_keyseq_if_unbound_in_map (bind.c:317)
==179488==    by 0x48C4E53: bind_termcap_arrow_keys (terminal.c:660)
==179488==    by 0x48C5417: _rl_init_terminal_io (terminal.c:621)
==179488==    by 0x48B01E9: UnknownInlinedFun (readline.c:1296)
==179488==    by 0x48B01E9: rl_initialize (readline.c:1196)
==179488==    by 0x48B04C8: readline (readline.c:379)
==179488==    by 0x4001328: ft_process_input (in /home/jestevao/Desktop/Projects/C/42Projects/test/minishell)
==179488==    by 0x4001708: main (in /home/jestevao/Desktop/Projects/C/42Projects/test/minishell)
==179488== 
==179488== 4,112 bytes in 1 blocks are still reachable in loss record 49 of 73
==179488==    at 0x48527A8: malloc (vg_replace_malloc.c:446)
==179488==    by 0x48C9ADD: xmalloc (xmalloc.c:59)
==179488==    by 0x48A38F2: rl_make_bare_keymap (keymaps.c:62)
==179488==    by 0x48A47F8: rl_generic_bind (bind.c:454)
==179488==    by 0x48AFF0E: UnknownInlinedFun (bind.c:340)
==179488==    by 0x48AFF0E: rl_bind_keyseq_if_unbound_in_map (bind.c:317)
==179488==    by 0x48C4E67: bind_termcap_arrow_keys (terminal.c:662)
==179488==    by 0x48C5417: _rl_init_terminal_io (terminal.c:621)
==179488==    by 0x48B01E9: UnknownInlinedFun (readline.c:1296)
==179488==    by 0x48B01E9: rl_initialize (readline.c:1196)
==179488==    by 0x48B04C8: readline (readline.c:379)
==179488==    by 0x4001328: ft_process_input (in /home/jestevao/Desktop/Projects/C/42Projects/test/minishell)
==179488==    by 0x4001708: main (in /home/jestevao/Desktop/Projects/C/42Projects/test/minishell)
==179488== 
==179488== 4,112 bytes in 1 blocks are still reachable in loss record 50 of 73
==179488==    at 0x48527A8: malloc (vg_replace_malloc.c:446)
==179488==    by 0x48C9ADD: xmalloc (xmalloc.c:59)
==179488==    by 0x48A38F2: rl_make_bare_keymap (keymaps.c:62)
==179488==    by 0x48A47F8: rl_generic_bind (bind.c:454)
==179488==    by 0x48AFF0E: UnknownInlinedFun (bind.c:340)
==179488==    by 0x48AFF0E: rl_bind_keyseq_if_unbound_in_map (bind.c:317)
==179488==    by 0x48C4E7B: bind_termcap_arrow_keys (terminal.c:663)
==179488==    by 0x48C5417: _rl_init_terminal_io (terminal.c:621)
==179488==    by 0x48B01E9: UnknownInlinedFun (readline.c:1296)
==179488==    by 0x48B01E9: rl_initialize (readline.c:1196)
==179488==    by 0x48B04C8: readline (readline.c:379)
==179488==    by 0x4001328: ft_process_input (in /home/jestevao/Desktop/Projects/C/42Projects/test/minishell)
==179488==    by 0x4001708: main (in /home/jestevao/Desktop/Projects/C/42Projects/test/minishell)
==179488== 
==179488== 4,112 bytes in 1 blocks are still reachable in loss record 51 of 73
==179488==    at 0x48527A8: malloc (vg_replace_malloc.c:446)
==179488==    by 0x48C9ADD: xmalloc (xmalloc.c:59)
==179488==    by 0x48A38F2: rl_make_bare_keymap (keymaps.c:62)
==179488==    by 0x48A47F8: rl_generic_bind (bind.c:454)
==179488==    by 0x48AFF0E: UnknownInlinedFun (bind.c:340)
==179488==    by 0x48AFF0E: rl_bind_keyseq_if_unbound_in_map (bind.c:317)
==179488==    by 0x48C4E53: bind_termcap_arrow_keys (terminal.c:660)
==179488==    by 0x48C5423: _rl_init_terminal_io (terminal.c:624)
==179488==    by 0x48B01E9: UnknownInlinedFun (readline.c:1296)
==179488==    by 0x48B01E9: rl_initialize (readline.c:1196)
==179488==    by 0x48B04C8: readline (readline.c:379)
==179488==    by 0x4001328: ft_process_input (in /home/jestevao/Desktop/Projects/C/42Projects/test/minishell)
==179488==    by 0x4001708: main (in /home/jestevao/Desktop/Projects/C/42Projects/test/minishell)
==179488== 
==179488== 4,112 bytes in 1 blocks are still reachable in loss record 52 of 73
==179488==    at 0x48527A8: malloc (vg_replace_malloc.c:446)
==179488==    by 0x48C9ADD: xmalloc (xmalloc.c:59)
==179488==    by 0x48A38F2: rl_make_bare_keymap (keymaps.c:62)
==179488==    by 0x48A47F8: rl_generic_bind (bind.c:454)
==179488==    by 0x48AFF0E: UnknownInlinedFun (bind.c:340)
==179488==    by 0x48AFF0E: rl_bind_keyseq_if_unbound_in_map (bind.c:317)
==179488==    by 0x48C4E67: bind_termcap_arrow_keys (terminal.c:662)
==179488==    by 0x48C5423: _rl_init_terminal_io (terminal.c:624)
==179488==    by 0x48B01E9: UnknownInlinedFun (readline.c:1296)
==179488==    by 0x48B01E9: rl_initialize (readline.c:1196)
==179488==    by 0x48B04C8: readline (readline.c:379)
==179488==    by 0x4001328: ft_process_input (in /home/jestevao/Desktop/Projects/C/42Projects/test/minishell)
==179488==    by 0x4001708: main (in /home/jestevao/Desktop/Projects/C/42Projects/test/minishell)
==179488== 
==179488== 4,112 bytes in 1 blocks are still reachable in loss record 53 of 73
==179488==    at 0x48527A8: malloc (vg_replace_malloc.c:446)
==179488==    by 0x48C9ADD: xmalloc (xmalloc.c:59)
==179488==    by 0x48A38F2: rl_make_bare_keymap (keymaps.c:62)
==179488==    by 0x48A47F8: rl_generic_bind (bind.c:454)
==179488==    by 0x48AFF0E: UnknownInlinedFun (bind.c:340)
==179488==    by 0x48AFF0E: rl_bind_keyseq_if_unbound_in_map (bind.c:317)
==179488==    by 0x48C4E7B: bind_termcap_arrow_keys (terminal.c:663)
==179488==    by 0x48C5423: _rl_init_terminal_io (terminal.c:624)
==179488==    by 0x48B01E9: UnknownInlinedFun (readline.c:1296)
==179488==    by 0x48B01E9: rl_initialize (readline.c:1196)
==179488==    by 0x48B04C8: readline (readline.c:379)
==179488==    by 0x4001328: ft_process_input (in /home/jestevao/Desktop/Projects/C/42Projects/test/minishell)
==179488==    by 0x4001708: main (in /home/jestevao/Desktop/Projects/C/42Projects/test/minishell)
==179488== 
==179488== 4,112 bytes in 1 blocks are still reachable in loss record 54 of 73
==179488==    at 0x48527A8: malloc (vg_replace_malloc.c:446)
==179488==    by 0x48C9ADD: xmalloc (xmalloc.c:59)
==179488==    by 0x48A38F2: rl_make_bare_keymap (keymaps.c:62)
==179488==    by 0x48A47F8: rl_generic_bind (bind.c:454)
==179488==    by 0x48AFF0E: UnknownInlinedFun (bind.c:340)
==179488==    by 0x48AFF0E: rl_bind_keyseq_if_unbound_in_map (bind.c:317)
==179488==    by 0x48C4E53: bind_termcap_arrow_keys (terminal.c:660)
==179488==    by 0x48C542F: _rl_init_terminal_io (terminal.c:625)
==179488==    by 0x48B01E9: UnknownInlinedFun (readline.c:1296)
==179488==    by 0x48B01E9: rl_initialize (readline.c:1196)
==179488==    by 0x48B04C8: readline (readline.c:379)
==179488==    by 0x4001328: ft_process_input (in /home/jestevao/Desktop/Projects/C/42Projects/test/minishell)
==179488==    by 0x4001708: main (in /home/jestevao/Desktop/Projects/C/42Projects/test/minishell)
==179488== 
==179488== 4,112 bytes in 1 blocks are still reachable in loss record 55 of 73
==179488==    at 0x48527A8: malloc (vg_replace_malloc.c:446)
==179488==    by 0x48C9ADD: xmalloc (xmalloc.c:59)
==179488==    by 0x48A38F2: rl_make_bare_keymap (keymaps.c:62)
==179488==    by 0x48A47F8: rl_generic_bind (bind.c:454)
==179488==    by 0x48AFF0E: UnknownInlinedFun (bind.c:340)
==179488==    by 0x48AFF0E: rl_bind_keyseq_if_unbound_in_map (bind.c:317)
==179488==    by 0x48C4E67: bind_termcap_arrow_keys (terminal.c:662)
==179488==    by 0x48C542F: _rl_init_terminal_io (terminal.c:625)
==179488==    by 0x48B01E9: UnknownInlinedFun (readline.c:1296)
==179488==    by 0x48B01E9: rl_initialize (readline.c:1196)
==179488==    by 0x48B04C8: readline (readline.c:379)
==179488==    by 0x4001328: ft_process_input (in /home/jestevao/Desktop/Projects/C/42Projects/test/minishell)
==179488==    by 0x4001708: main (in /home/jestevao/Desktop/Projects/C/42Projects/test/minishell)
==179488== 
==179488== 4,112 bytes in 1 blocks are still reachable in loss record 56 of 73
==179488==    at 0x48527A8: malloc (vg_replace_malloc.c:446)
==179488==    by 0x48C9ADD: xmalloc (xmalloc.c:59)
==179488==    by 0x48A38F2: rl_make_bare_keymap (keymaps.c:62)
==179488==    by 0x48A47F8: rl_generic_bind (bind.c:454)
==179488==    by 0x48AFF0E: UnknownInlinedFun (bind.c:340)
==179488==    by 0x48AFF0E: rl_bind_keyseq_if_unbound_in_map (bind.c:317)
==179488==    by 0x48C4E7B: bind_termcap_arrow_keys (terminal.c:663)
==179488==    by 0x48C542F: _rl_init_terminal_io (terminal.c:625)
==179488==    by 0x48B01E9: UnknownInlinedFun (readline.c:1296)
==179488==    by 0x48B01E9: rl_initialize (readline.c:1196)
==179488==    by 0x48B04C8: readline (readline.c:379)
==179488==    by 0x4001328: ft_process_input (in /home/jestevao/Desktop/Projects/C/42Projects/test/minishell)
==179488==    by 0x4001708: main (in /home/jestevao/Desktop/Projects/C/42Projects/test/minishell)
==179488== 
==179488== 4,112 bytes in 1 blocks are still reachable in loss record 57 of 73
==179488==    at 0x48527A8: malloc (vg_replace_malloc.c:446)
==179488==    by 0x48C9ADD: xmalloc (xmalloc.c:59)
==179488==    by 0x48A38F2: rl_make_bare_keymap (keymaps.c:62)
==179488==    by 0x48A47F8: rl_generic_bind (bind.c:454)
==179488==    by 0x48AFF0E: UnknownInlinedFun (bind.c:340)
==179488==    by 0x48AFF0E: rl_bind_keyseq_if_unbound_in_map (bind.c:317)
==179488==    by 0x48B011E: bind_arrow_keys_internal (readline.c:1401)
==179488==    by 0x48B0262: UnknownInlinedFun (readline.c:1434)
==179488==    by 0x48B0262: UnknownInlinedFun (readline.c:1322)
==179488==    by 0x48B0262: rl_initialize (readline.c:1196)
==179488==    by 0x48B04C8: readline (readline.c:379)
==179488==    by 0x4001328: ft_process_input (in /home/jestevao/Desktop/Projects/C/42Projects/test/minishell)
==179488==    by 0x4001708: main (in /home/jestevao/Desktop/Projects/C/42Projects/test/minishell)
==179488== 
==179488== 4,112 bytes in 1 blocks are still reachable in loss record 58 of 73
==179488==    at 0x48527A8: malloc (vg_replace_malloc.c:446)
==179488==    by 0x48C9ADD: xmalloc (xmalloc.c:59)
==179488==    by 0x48A38F2: rl_make_bare_keymap (keymaps.c:62)
==179488==    by 0x48A47F8: rl_generic_bind (bind.c:454)
==179488==    by 0x48AFF0E: UnknownInlinedFun (bind.c:340)
==179488==    by 0x48AFF0E: rl_bind_keyseq_if_unbound_in_map (bind.c:317)
==179488==    by 0x48B011E: bind_arrow_keys_internal (readline.c:1401)
==179488==    by 0x48B0271: UnknownInlinedFun (readline.c:1437)
==179488==    by 0x48B0271: UnknownInlinedFun (readline.c:1322)
==179488==    by 0x48B0271: rl_initialize (readline.c:1196)
==179488==    by 0x48B04C8: readline (readline.c:379)
==179488==    by 0x4001328: ft_process_input (in /home/jestevao/Desktop/Projects/C/42Projects/test/minishell)
==179488==    by 0x4001708: main (in /home/jestevao/Desktop/Projects/C/42Projects/test/minishell)
==179488== 
==179488== 4,112 bytes in 1 blocks are still reachable in loss record 59 of 73
==179488==    at 0x48527A8: malloc (vg_replace_malloc.c:446)
==179488==    by 0x48C9ADD: xmalloc (xmalloc.c:59)
==179488==    by 0x48A38F2: rl_make_bare_keymap (keymaps.c:62)
==179488==    by 0x48A47F8: rl_generic_bind (bind.c:454)
==179488==    by 0x48AFF0E: UnknownInlinedFun (bind.c:340)
==179488==    by 0x48AFF0E: rl_bind_keyseq_if_unbound_in_map (bind.c:317)
==179488==    by 0x48B011E: bind_arrow_keys_internal (readline.c:1401)
==179488==    by 0x48B0292: UnknownInlinedFun (readline.c:1442)
==179488==    by 0x48B0292: UnknownInlinedFun (readline.c:1322)
==179488==    by 0x48B0292: rl_initialize (readline.c:1196)
==179488==    by 0x48B04C8: readline (readline.c:379)
==179488==    by 0x4001328: ft_process_input (in /home/jestevao/Desktop/Projects/C/42Projects/test/minishell)
==179488==    by 0x4001708: main (in /home/jestevao/Desktop/Projects/C/42Projects/test/minishell)
==179488== 
==179488== 7,952 bytes in 1 blocks are still reachable in loss record 60 of 73
==179488==    at 0x4859C13: calloc (vg_replace_malloc.c:1675)
==179488==    by 0x4B07228: _nc_build_names.lto_priv.0 (comp_captab.c:3285)
==179488==    by 0x4B09312: _nc_find_type_entry (comp_hash.c:104)
==179488==    by 0x4B0CCD4: tgetstr_sp (lib_termcap.c:352)
==179488==    by 0x48C5313: UnknownInlinedFun (terminal.c:464)
==179488==    by 0x48C5313: _rl_init_terminal_io (terminal.c:587)
==179488==    by 0x48B01E9: UnknownInlinedFun (readline.c:1296)
==179488==    by 0x48B01E9: rl_initialize (readline.c:1196)
==179488==    by 0x48B04C8: readline (readline.c:379)
==179488==    by 0x4001328: ft_process_input (in /home/jestevao/Desktop/Projects/C/42Projects/test/minishell)
==179488==    by 0x4001708: main (in /home/jestevao/Desktop/Projects/C/42Projects/test/minishell)
==179488== 
==179488== 8,224 bytes in 2 blocks are still reachable in loss record 61 of 73
==179488==    at 0x48527A8: malloc (vg_replace_malloc.c:446)
==179488==    by 0x48C9ADD: xmalloc (xmalloc.c:59)
==179488==    by 0x48A38F2: rl_make_bare_keymap (keymaps.c:62)
==179488==    by 0x48A47F8: rl_generic_bind (bind.c:454)
==179488==    by 0x48AFF0E: UnknownInlinedFun (bind.c:340)
==179488==    by 0x48AFF0E: rl_bind_keyseq_if_unbound_in_map (bind.c:317)
==179488==    by 0x48C4E3F: bind_termcap_arrow_keys (terminal.c:659)
==179488==    by 0x48C5417: _rl_init_terminal_io (terminal.c:621)
==179488==    by 0x48B01E9: UnknownInlinedFun (readline.c:1296)
==179488==    by 0x48B01E9: rl_initialize (readline.c:1196)
==179488==    by 0x48B04C8: readline (readline.c:379)
==179488==    by 0x4001328: ft_process_input (in /home/jestevao/Desktop/Projects/C/42Projects/test/minishell)
==179488==    by 0x4001708: main (in /home/jestevao/Desktop/Projects/C/42Projects/test/minishell)
==179488== 
==179488== 8,224 bytes in 2 blocks are still reachable in loss record 62 of 73
==179488==    at 0x48527A8: malloc (vg_replace_malloc.c:446)
==179488==    by 0x48C9ADD: xmalloc (xmalloc.c:59)
==179488==    by 0x48A38F2: rl_make_bare_keymap (keymaps.c:62)
==179488==    by 0x48A47F8: rl_generic_bind (bind.c:454)
==179488==    by 0x48AFF0E: UnknownInlinedFun (bind.c:340)
==179488==    by 0x48AFF0E: rl_bind_keyseq_if_unbound_in_map (bind.c:317)
==179488==    by 0x48C4DC7: bind_termcap_arrow_keys (terminal.c:651)
==179488==    by 0x48C5423: _rl_init_terminal_io (terminal.c:624)
==179488==    by 0x48B01E9: UnknownInlinedFun (readline.c:1296)
==179488==    by 0x48B01E9: rl_initialize (readline.c:1196)
==179488==    by 0x48B04C8: readline (readline.c:379)
==179488==    by 0x4001328: ft_process_input (in /home/jestevao/Desktop/Projects/C/42Projects/test/minishell)
==179488==    by 0x4001708: main (in /home/jestevao/Desktop/Projects/C/42Projects/test/minishell)
==179488== 
==179488== 8,224 bytes in 2 blocks are still reachable in loss record 63 of 73
==179488==    at 0x48527A8: malloc (vg_replace_malloc.c:446)
==179488==    by 0x48C9ADD: xmalloc (xmalloc.c:59)
==179488==    by 0x48A38F2: rl_make_bare_keymap (keymaps.c:62)
==179488==    by 0x48A47F8: rl_generic_bind (bind.c:454)
==179488==    by 0x48AFF0E: UnknownInlinedFun (bind.c:340)
==179488==    by 0x48AFF0E: rl_bind_keyseq_if_unbound_in_map (bind.c:317)
==179488==    by 0x48C4E3F: bind_termcap_arrow_keys (terminal.c:659)
==179488==    by 0x48C5423: _rl_init_terminal_io (terminal.c:624)
==179488==    by 0x48B01E9: UnknownInlinedFun (readline.c:1296)
==179488==    by 0x48B01E9: rl_initialize (readline.c:1196)
==179488==    by 0x48B04C8: readline (readline.c:379)
==179488==    by 0x4001328: ft_process_input (in /home/jestevao/Desktop/Projects/C/42Projects/test/minishell)
==179488==    by 0x4001708: main (in /home/jestevao/Desktop/Projects/C/42Projects/test/minishell)
==179488== 
==179488== 8,224 bytes in 2 blocks are still reachable in loss record 64 of 73
==179488==    at 0x48527A8: malloc (vg_replace_malloc.c:446)
==179488==    by 0x48C9ADD: xmalloc (xmalloc.c:59)
==179488==    by 0x48A38F2: rl_make_bare_keymap (keymaps.c:62)
==179488==    by 0x48A47F8: rl_generic_bind (bind.c:454)
==179488==    by 0x48AFF0E: UnknownInlinedFun (bind.c:340)
==179488==    by 0x48AFF0E: rl_bind_keyseq_if_unbound_in_map (bind.c:317)
==179488==    by 0x48C4DC7: bind_termcap_arrow_keys (terminal.c:651)
==179488==    by 0x48C542F: _rl_init_terminal_io (terminal.c:625)
==179488==    by 0x48B01E9: UnknownInlinedFun (readline.c:1296)
==179488==    by 0x48B01E9: rl_initialize (readline.c:1196)
==179488==    by 0x48B04C8: readline (readline.c:379)
==179488==    by 0x4001328: ft_process_input (in /home/jestevao/Desktop/Projects/C/42Projects/test/minishell)
==179488==    by 0x4001708: main (in /home/jestevao/Desktop/Projects/C/42Projects/test/minishell)
==179488== 
==179488== 8,224 bytes in 2 blocks are still reachable in loss record 65 of 73
==179488==    at 0x48527A8: malloc (vg_replace_malloc.c:446)
==179488==    by 0x48C9ADD: xmalloc (xmalloc.c:59)
==179488==    by 0x48A38F2: rl_make_bare_keymap (keymaps.c:62)
==179488==    by 0x48A47F8: rl_generic_bind (bind.c:454)
==179488==    by 0x48AFF0E: UnknownInlinedFun (bind.c:340)
==179488==    by 0x48AFF0E: rl_bind_keyseq_if_unbound_in_map (bind.c:317)
==179488==    by 0x48C4E3F: bind_termcap_arrow_keys (terminal.c:659)
==179488==    by 0x48C542F: _rl_init_terminal_io (terminal.c:625)
==179488==    by 0x48B01E9: UnknownInlinedFun (readline.c:1296)
==179488==    by 0x48B01E9: rl_initialize (readline.c:1196)
==179488==    by 0x48B04C8: readline (readline.c:379)
==179488==    by 0x4001328: ft_process_input (in /home/jestevao/Desktop/Projects/C/42Projects/test/minishell)
==179488==    by 0x4001708: main (in /home/jestevao/Desktop/Projects/C/42Projects/test/minishell)
==179488== 
==179488== 8,224 bytes in 2 blocks are still reachable in loss record 66 of 73
==179488==    at 0x48527A8: malloc (vg_replace_malloc.c:446)
==179488==    by 0x48C9ADD: xmalloc (xmalloc.c:59)
==179488==    by 0x48A38F2: rl_make_bare_keymap (keymaps.c:62)
==179488==    by 0x48A47F8: rl_generic_bind (bind.c:454)
==179488==    by 0x48AFF0E: UnknownInlinedFun (bind.c:340)
==179488==    by 0x48AFF0E: rl_bind_keyseq_if_unbound_in_map (bind.c:317)
==179488==    by 0x48B010E: bind_arrow_keys_internal (readline.c:1398)
==179488==    by 0x48B0262: UnknownInlinedFun (readline.c:1434)
==179488==    by 0x48B0262: UnknownInlinedFun (readline.c:1322)
==179488==    by 0x48B0262: rl_initialize (readline.c:1196)
==179488==    by 0x48B04C8: readline (readline.c:379)
==179488==    by 0x4001328: ft_process_input (in /home/jestevao/Desktop/Projects/C/42Projects/test/minishell)
==179488==    by 0x4001708: main (in /home/jestevao/Desktop/Projects/C/42Projects/test/minishell)
==179488== 
==179488== 8,224 bytes in 2 blocks are still reachable in loss record 67 of 73
==179488==    at 0x48527A8: malloc (vg_replace_malloc.c:446)
==179488==    by 0x48C9ADD: xmalloc (xmalloc.c:59)
==179488==    by 0x48A38F2: rl_make_bare_keymap (keymaps.c:62)
==179488==    by 0x48A47F8: rl_generic_bind (bind.c:454)
==179488==    by 0x48AFF0E: UnknownInlinedFun (bind.c:340)
==179488==    by 0x48AFF0E: rl_bind_keyseq_if_unbound_in_map (bind.c:317)
==179488==    by 0x48B010E: bind_arrow_keys_internal (readline.c:1398)
==179488==    by 0x48B0271: UnknownInlinedFun (readline.c:1437)
==179488==    by 0x48B0271: UnknownInlinedFun (readline.c:1322)
==179488==    by 0x48B0271: rl_initialize (readline.c:1196)
==179488==    by 0x48B04C8: readline (readline.c:379)
==179488==    by 0x4001328: ft_process_input (in /home/jestevao/Desktop/Projects/C/42Projects/test/minishell)
==179488==    by 0x4001708: main (in /home/jestevao/Desktop/Projects/C/42Projects/test/minishell)
==179488== 
==179488== 8,224 bytes in 2 blocks are still reachable in loss record 68 of 73
==179488==    at 0x48527A8: malloc (vg_replace_malloc.c:446)
==179488==    by 0x48C9ADD: xmalloc (xmalloc.c:59)
==179488==    by 0x48A38F2: rl_make_bare_keymap (keymaps.c:62)
==179488==    by 0x48A47F8: rl_generic_bind (bind.c:454)
==179488==    by 0x48AFF0E: UnknownInlinedFun (bind.c:340)
==179488==    by 0x48AFF0E: rl_bind_keyseq_if_unbound_in_map (bind.c:317)
==179488==    by 0x48B010E: bind_arrow_keys_internal (readline.c:1398)
==179488==    by 0x48B0292: UnknownInlinedFun (readline.c:1442)
==179488==    by 0x48B0292: UnknownInlinedFun (readline.c:1322)
==179488==    by 0x48B0292: rl_initialize (readline.c:1196)
==179488==    by 0x48B04C8: readline (readline.c:379)
==179488==    by 0x4001328: ft_process_input (in /home/jestevao/Desktop/Projects/C/42Projects/test/minishell)
==179488==    by 0x4001708: main (in /home/jestevao/Desktop/Projects/C/42Projects/test/minishell)
==179488== 
==179488== 8,224 bytes in 2 blocks are still reachable in loss record 69 of 73
==179488==    at 0x48527A8: malloc (vg_replace_malloc.c:446)
==179488==    by 0x48C9ADD: xmalloc (xmalloc.c:59)
==179488==    by 0x48A38F2: rl_make_bare_keymap (keymaps.c:62)
==179488==    by 0x48A47F8: rl_generic_bind (bind.c:454)
==179488==    by 0x48AFF0E: UnknownInlinedFun (bind.c:340)
==179488==    by 0x48AFF0E: rl_bind_keyseq_if_unbound_in_map (bind.c:317)
==179488==    by 0x48B02AD: UnknownInlinedFun (readline.c:1454)
==179488==    by 0x48B02AD: UnknownInlinedFun (readline.c:1326)
==179488==    by 0x48B02AD: rl_initialize (readline.c:1196)
==179488==    by 0x48B04C8: readline (readline.c:379)
==179488==    by 0x4001328: ft_process_input (in /home/jestevao/Desktop/Projects/C/42Projects/test/minishell)
==179488==    by 0x4001708: main (in /home/jestevao/Desktop/Projects/C/42Projects/test/minishell)
==179488== 
==179488== 8,224 bytes in 2 blocks are still reachable in loss record 70 of 73
==179488==    at 0x48527A8: malloc (vg_replace_malloc.c:446)
==179488==    by 0x48C9ADD: xmalloc (xmalloc.c:59)
==179488==    by 0x48A38F2: rl_make_bare_keymap (keymaps.c:62)
==179488==    by 0x48A47F8: rl_generic_bind (bind.c:454)
==179488==    by 0x48AFF0E: UnknownInlinedFun (bind.c:340)
==179488==    by 0x48AFF0E: rl_bind_keyseq_if_unbound_in_map (bind.c:317)
==179488==    by 0x48B02C4: UnknownInlinedFun (readline.c:1458)
==179488==    by 0x48B02C4: UnknownInlinedFun (readline.c:1326)
==179488==    by 0x48B02C4: rl_initialize (readline.c:1196)
==179488==    by 0x48B04C8: readline (readline.c:379)
==179488==    by 0x4001328: ft_process_input (in /home/jestevao/Desktop/Projects/C/42Projects/test/minishell)
==179488==    by 0x4001708: main (in /home/jestevao/Desktop/Projects/C/42Projects/test/minishell)
==179488== 
==179488== 12,336 bytes in 3 blocks are still reachable in loss record 71 of 73
==179488==    at 0x48527A8: malloc (vg_replace_malloc.c:446)
==179488==    by 0x48C9ADD: xmalloc (xmalloc.c:59)
==179488==    by 0x48A38F2: rl_make_bare_keymap (keymaps.c:62)
==179488==    by 0x48A47F8: rl_generic_bind (bind.c:454)
==179488==    by 0x48AFF0E: UnknownInlinedFun (bind.c:340)
==179488==    by 0x48AFF0E: rl_bind_keyseq_if_unbound_in_map (bind.c:317)
==179488==    by 0x48B00E3: bind_arrow_keys_internal (readline.c:1396)
==179488==    by 0x48B0271: UnknownInlinedFun (readline.c:1437)
==179488==    by 0x48B0271: UnknownInlinedFun (readline.c:1322)
==179488==    by 0x48B0271: rl_initialize (readline.c:1196)
==179488==    by 0x48B04C8: readline (readline.c:379)
==179488==    by 0x4001328: ft_process_input (in /home/jestevao/Desktop/Projects/C/42Projects/test/minishell)
==179488==    by 0x4001708: main (in /home/jestevao/Desktop/Projects/C/42Projects/test/minishell)
==179488== 
==179488== 12,336 bytes in 3 blocks are still reachable in loss record 72 of 73
==179488==    at 0x48527A8: malloc (vg_replace_malloc.c:446)
==179488==    by 0x48C9ADD: xmalloc (xmalloc.c:59)
==179488==    by 0x48A38F2: rl_make_bare_keymap (keymaps.c:62)
==179488==    by 0x48A47F8: rl_generic_bind (bind.c:454)
==179488==    by 0x48AFF0E: UnknownInlinedFun (bind.c:340)
==179488==    by 0x48AFF0E: rl_bind_keyseq_if_unbound_in_map (bind.c:317)
==179488==    by 0x48B00E3: bind_arrow_keys_internal (readline.c:1396)
==179488==    by 0x48B0292: UnknownInlinedFun (readline.c:1442)
==179488==    by 0x48B0292: UnknownInlinedFun (readline.c:1322)
==179488==    by 0x48B0292: rl_initialize (readline.c:1196)
==179488==    by 0x48B04C8: readline (readline.c:379)
==179488==    by 0x4001328: ft_process_input (in /home/jestevao/Desktop/Projects/C/42Projects/test/minishell)
==179488==    by 0x4001708: main (in /home/jestevao/Desktop/Projects/C/42Projects/test/minishell)
==179488== 
==179488== 32,896 bytes in 8 blocks are still reachable in loss record 73 of 73
==179488==    at 0x48527A8: malloc (vg_replace_malloc.c:446)
==179488==    by 0x48C9ADD: xmalloc (xmalloc.c:59)
==179488==    by 0x48A38F2: rl_make_bare_keymap (keymaps.c:62)
==179488==    by 0x48A47F8: rl_generic_bind (bind.c:454)
==179488==    by 0x48B6917: rl_parse_and_bind (bind.c:1824)
==179488==    by 0x48B6BA4: _rl_read_init_file (bind.c:1131)
==179488==    by 0x48B0215: UnknownInlinedFun (readline.c:1308)
==179488==    by 0x48B0215: rl_initialize (readline.c:1196)
==179488==    by 0x48B04C8: readline (readline.c:379)
==179488==    by 0x4001328: ft_process_input (in /home/jestevao/Desktop/Projects/C/42Projects/test/minishell)
==179488==    by 0x4001708: main (in /home/jestevao/Desktop/Projects/C/42Projects/test/minishell)
==179488== 
==179488== LEAK SUMMARY:
==179488==    definitely lost: 0 bytes in 0 blocks
==179488==    indirectly lost: 0 bytes in 0 blocks
==179488==      possibly lost: 0 bytes in 0 blocks
==179488==    still reachable: 237,093 bytes in 235 blocks
==179488==         suppressed: 0 bytes in 0 blocks
==179488== 
==179488== ERROR SUMMARY: 1 errors from 1 contexts (suppressed: 0 from 0)
==179488== 
==179488== 1 errors in context 1 of 1:
==179488== File descriptor 3: /usr/lib/gconv/gconv-modules.d is already closed
==179488==    at 0x49EA901: close (close.c:27)
==179488==    by 0x4007C50: ft_close_all_fds (in /home/jestevao/Desktop/Projects/C/42Projects/test/minishell)
==179488==    by 0x400167A: main (in /home/jestevao/Desktop/Projects/C/42Projects/test/minishell)
==179488==  Previously closed
==179488==    at 0x403137B: __GI___close_nocancel (close_nocancel.c:26)
==179488==    by 0x4015107: _dl_map_object_from_fd (dl-load.c:1355)
==179488==    by 0x4015BB7: _dl_map_object (dl-load.c:2182)
==179488==    by 0x401077C: openaux (dl-deps.c:64)
==179488==    by 0x400F415: _dl_catch_exception (dl-catch.c:241)
==179488==    by 0x4010BE2: _dl_map_object_deps (dl-deps.c:232)
==179488==    by 0x402D40E: dl_main (rtld.c:1928)
==179488==    by 0x4029FE5: _dl_sysdep_start (dl-sysdep.c:141)
==179488==    by 0x402B7A5: _dl_start_final (rtld.c:496)
==179488==    by 0x402B7A5: _dl_start (rtld.c:581)
==179488==    by 0x402A5C7: ??? (in /usr/lib/ld-linux-x86-64.so.2)
==179488==  Originally opened
==179488==    at 0x40314C5: __open_nocancel (open64_nocancel.c:39)
==179488==    by 0x401283B: open_verify.constprop.0 (dl-load.c:1572)
==179488==    by 0x4015EBD: _dl_map_object (dl-load.c:2086)
==179488==    by 0x401077C: openaux (dl-deps.c:64)
==179488==    by 0x400F415: _dl_catch_exception (dl-catch.c:241)
==179488==    by 0x4010BE2: _dl_map_object_deps (dl-deps.c:232)
==179488==    by 0x402D40E: dl_main (rtld.c:1928)
==179488==    by 0x4029FE5: _dl_sysdep_start (dl-sysdep.c:141)
==179488==    by 0x402B7A5: _dl_start_final (rtld.c:496)
==179488==    by 0x402B7A5: _dl_start (rtld.c:581)
==179488==    by 0x402A5C7: ??? (in /usr/lib/ld-linux-x86-64.so.2)
==179488== ERROR SUMMARY: 1 errors from 1 contexts (suppressed: 0 from 0)
